2013/02/23 17:28:25 [error] [exception.CHttpException.404] exception 'CHttpException' with message 'The system is unable to find the requested action "index".' in D:\WebServers\home\easylend.no-ip.org\www\framework\web\CController.php:483
Stack trace:
#0 D:\WebServers\home\easylend.no-ip.org\www\framework\web\CController.php(270): CController->missingAction('')
#1 D:\WebServers\home\easylend.no-ip.org\www\framework\web\CWebApplication.php(282): CController->run('')
#2 D:\WebServers\home\easylend.no-ip.org\www\framework\web\CWebApplication.php(141): CWebApplication->runController('message')
#3 D:\WebServers\home\easylend.no-ip.org\www\framework\base\CApplication.php(169): CWebApplication->processRequest()
#4 D:\WebServers\home\easylend.no-ip.org\www\webroot\index.php(13): CApplication->run()
#5 {main}
REQUEST_URI=/webroot/index.php?r=message
---
2013/02/23 18:08:23 [error] [exception.CException] exception 'CException' with message 'Property "MessageController.time" is not defined.' in D:\WebServers\home\easylend.no-ip.org\www\framework\base\CComponent.php:130
Stack trace:
#0 D:\WebServers\home\easylend.no-ip.org\www\webroot\protected\views\message\hello.php(13): CComponent->__get('time')
#1 D:\WebServers\home\easylend.no-ip.org\www\framework\web\CBaseController.php(126): require('D:\WebServers\h...')
#2 D:\WebServers\home\easylend.no-ip.org\www\framework\web\CBaseController.php(95): CBaseController->renderInternal('D:\WebServers\h...', Array, true)
#3 D:\WebServers\home\easylend.no-ip.org\www\framework\web\CController.php(869): CBaseController->renderFile('D:\WebServers\h...', Array, true)
#4 D:\WebServers\home\easylend.no-ip.org\www\framework\web\CController.php(782): CController->renderPartial('hello', Array, true)
#5 D:\WebServers\home\easylend.no-ip.org\www\webroot\protected\controllers\MessageController.php(9): CController->render('hello', Array)
#6 D:\WebServers\home\easylend.no-ip.org\www\framework\web\actions\CInlineAction.php(49): MessageController->actionHello()
#7 D:\WebServers\home\easylend.no-ip.org\www\framework\web\CController.php(308): CInlineAction->runWithParams(Array)
#8 D:\WebServers\home\easylend.no-ip.org\www\framework\web\CController.php(286): CController->runAction(Object(CInlineAction))
#9 D:\WebServers\home\easylend.no-ip.org\www\framework\web\CController.php(265): CController->runActionWithFilters(Object(CInlineAction), Array)
#10 D:\WebServers\home\easylend.no-ip.org\www\framework\web\CWebApplication.php(282): CController->run('')
#11 D:\WebServers\home\easylend.no-ip.org\www\framework\web\CWebApplication.php(141): CWebApplication->runController('message')
#12 D:\WebServers\home\easylend.no-ip.org\www\framework\base\CApplication.php(169): CWebApplication->processRequest()
#13 D:\WebServers\home\easylend.no-ip.org\www\webroot\index.php(13): CApplication->run()
#14 {main}
REQUEST_URI=/webroot/index.php?r=message
---
2013/02/23 18:10:01 [error] [exception.CException] exception 'CException' with message 'Property "CInlineAction.time" is not defined.' in D:\WebServers\home\easylend.no-ip.org\www\framework\base\CComponent.php:130
Stack trace:
#0 D:\WebServers\home\easylend.no-ip.org\www\webroot\protected\views\message\hello.php(13): CComponent->__get('time')
#1 D:\WebServers\home\easylend.no-ip.org\www\framework\web\CBaseController.php(126): require('D:\WebServers\h...')
#2 D:\WebServers\home\easylend.no-ip.org\www\framework\web\CBaseController.php(95): CBaseController->renderInternal('D:\WebServers\h...', Array, true)
#3 D:\WebServers\home\easylend.no-ip.org\www\framework\web\CController.php(869): CBaseController->renderFile('D:\WebServers\h...', Array, true)
#4 D:\WebServers\home\easylend.no-ip.org\www\framework\web\CController.php(782): CController->renderPartial('hello', Array, true)
#5 D:\WebServers\home\easylend.no-ip.org\www\webroot\protected\controllers\MessageController.php(9): CController->render('hello', Array)
#6 D:\WebServers\home\easylend.no-ip.org\www\framework\web\actions\CInlineAction.php(49): MessageController->actionHello()
#7 D:\WebServers\home\easylend.no-ip.org\www\framework\web\CController.php(308): CInlineAction->runWithParams(Array)
#8 D:\WebServers\home\easylend.no-ip.org\www\framework\web\CController.php(286): CController->runAction(Object(CInlineAction))
#9 D:\WebServers\home\easylend.no-ip.org\www\framework\web\CController.php(265): CController->runActionWithFilters(Object(CInlineAction), Array)
#10 D:\WebServers\home\easylend.no-ip.org\www\framework\web\CWebApplication.php(282): CController->run('')
#11 D:\WebServers\home\easylend.no-ip.org\www\framework\web\CWebApplication.php(141): CWebApplication->runController('message')
#12 D:\WebServers\home\easylend.no-ip.org\www\framework\base\CApplication.php(169): CWebApplication->processRequest()
#13 D:\WebServers\home\easylend.no-ip.org\www\webroot\index.php(13): CApplication->run()
#14 {main}
REQUEST_URI=/webroot/index.php?r=message
---
2013/02/23 18:27:42 [error] [exception.CHttpException.404] exception 'CHttpException' with message 'The system is unable to find the requested action "message".' in D:\WebServers\home\easylend.no-ip.org\www\framework\web\CController.php:483
Stack trace:
#0 D:\WebServers\home\easylend.no-ip.org\www\framework\web\CController.php(270): CController->missingAction('message')
#1 D:\WebServers\home\easylend.no-ip.org\www\framework\web\CWebApplication.php(282): CController->run('message')
#2 D:\WebServers\home\easylend.no-ip.org\www\framework\web\CWebApplication.php(141): CWebApplication->runController('message/message')
#3 D:\WebServers\home\easylend.no-ip.org\www\framework\base\CApplication.php(169): CWebApplication->processRequest()
#4 D:\WebServers\home\easylend.no-ip.org\www\webroot\index.php(13): CApplication->run()
#5 {main}
REQUEST_URI=/webroot/index.php?r=message/message
HTTP_REFERER=http://easylend.no-ip.org/webroot/index.php?r=message/goodbye
---
2013/03/27 23:35:20 [error] [exception.CHttpException.404] exception 'CHttpException' with message 'Unable to resolve the request "project".' in D:\WebServers\home\easylend.no-ip.org\www\framework\web\CWebApplication.php:286
Stack trace:
#0 D:\WebServers\home\easylend.no-ip.org\www\framework\web\CWebApplication.php(141): CWebApplication->runController('project')
#1 D:\WebServers\home\easylend.no-ip.org\www\framework\base\CApplication.php(169): CWebApplication->processRequest()
#2 D:\WebServers\home\easylend.no-ip.org\www\webroot\index.php(13): CApplication->run()
#3 {main}
REQUEST_URI=/webroot/index.php?r=project
---
2013/03/27 23:35:39 [error] [exception.CHttpException.404] exception 'CHttpException' with message 'Unable to resolve the request "project".' in D:\WebServers\home\easylend.no-ip.org\www\framework\web\CWebApplication.php:286
Stack trace:
#0 D:\WebServers\home\easylend.no-ip.org\www\framework\web\CWebApplication.php(141): CWebApplication->runController('project')
#1 D:\WebServers\home\easylend.no-ip.org\www\framework\base\CApplication.php(169): CWebApplication->processRequest()
#2 D:\WebServers\home\easylend.no-ip.org\www\webroot\index.php(13): CApplication->run()
#3 {main}
REQUEST_URI=/webroot/?r=project
---
2013/03/27 23:35:58 [error] [exception.CHttpException.404] exception 'CHttpException' with message 'Unable to resolve the request "issue".' in D:\WebServers\home\easylend.no-ip.org\www\framework\web\CWebApplication.php:286
Stack trace:
#0 D:\WebServers\home\easylend.no-ip.org\www\framework\web\CWebApplication.php(141): CWebApplication->runController('issue')
#1 D:\WebServers\home\easylend.no-ip.org\www\framework\base\CApplication.php(169): CWebApplication->processRequest()
#2 D:\WebServers\home\easylend.no-ip.org\www\webroot\index.php(13): CApplication->run()
#3 {main}
REQUEST_URI=/webroot/?r=issue
---
